Arguments: 
  /usr/local/bin/node /Users/cninicu/.yarn/bin/yarn.js add @mui/material-ui

PATH: 
  /Users/cninicu/.yarn/bin:/Users/cninicu/.config/yarn/global/node_modules/.bin:/Library/Frameworks/Python.framework/Versions/3.9/bin:/usr/local/bin:/usr/bin:/bin:/usr/sbin:/sbin:/Applications/VMware Fusion Tech Preview.app/Contents/Public

Yarn version: 
  1.22.5

Node version: 
  14.17.4

Platform: 
  darwin x64

Trace: 
  Error: https://registry.yarnpkg.com/@mui%2fmaterial-ui: Not found
      at Request.params.callback [as _callback] (/Users/cninicu/.yarn/lib/cli.js:66988:18)
      at Request.self.callback (/Users/cninicu/.yarn/lib/cli.js:140749:22)
      at Request.emit (events.js:400:28)
      at Request.<anonymous> (/Users/cninicu/.yarn/lib/cli.js:141721:10)
      at Request.emit (events.js:400:28)
      at IncomingMessage.<anonymous> (/Users/cninicu/.yarn/lib/cli.js:141643:12)
      at Object.onceWrapper (events.js:519:28)
      at IncomingMessage.emit (events.js:412:35)
      at endReadableNT (internal/streams/readable.js:1317:12)
      at processTicksAndRejections (internal/process/task_queues.js:82:21)

npm manifest: 
  No manifest

yarn manifest: 
  No manifest

Lockfile: 
  No lockfile
